<?xml version="1.0" encoding="UTF-8"?>
<!-- Generated by org.testng.reporters.JUnitReportReporter -->
<testsuite hostname="Rajas-MacBook-Pro.local" name="Test.Platform_Sign_Up" tests="6" failures="0" timestamp="28 Jul 2020 05:59:45 GMT" time="71.343" errors="0">
  <testcase name="test1_Platform_Sign_Up" time="12.498" classname="Test.Platform_Sign_Up"/>
  <testcase name="test2_Registration_Form_LabelText" time="10.233" classname="Test.Platform_Sign_Up"/>
  <testcase name="test3_registration_Form_Error_Messages" time="12.441" classname="Test.Platform_Sign_Up"/>
  <testcase name="test1_Platform_Sign_Up" time="12.414" classname="Test.Platform_Sign_Up"/>
  <testcase name="test1_Platform_Sign_Up" time="12.371" classname="Test.Platform_Sign_Up"/>
  <testcase name="test1_Platform_Sign_Up" time="11.386" classname="Test.Platform_Sign_Up"/>
</testsuite> <!-- Test.Platform_Sign_Up -->
