<?xml version="1.0" encoding="UTF-8"?>
<!-- Generated by org.testng.reporters.JUnitReportReporter -->
<testsuite skipped="0" hostname="Rajas-MacBook-Pro.local" name="Test.Platform_Sign_Up" tests="1" failures="0" timestamp="2020-07-24T00:40:27 IST" time="8.440" errors="0">
  <testcase name="test_Platform_Sign_Up" time="8.440" classname="Test.Platform_Sign_Up"/>
  <system-out/>
</testsuite> <!-- Test.Platform_Sign_Up -->
