<?xml version="1.0" encoding="UTF-8"?>
<!-- Generated by org.testng.reporters.JUnitReportReporter -->
<testsuite skipped="0" hostname="Rajas-MacBook-Pro.local" name="Test.Platform_Sign_Up" tests="1" failures="0" timestamp="2020-07-22T14:02:13 IST" time="8.753" errors="0">
  <testcase name="testSignUp" time="8.753" classname="Test.Platform_Sign_Up"/>
  <system-out/>
</testsuite> <!-- Test.Platform_Sign_Up -->
